<?xml version="1.0" encoding="UTF-8"?>
<!-- Generated by org.testng.reporters.JUnitXMLReporter -->
<testsuite ignored="0" hostname="Sanket-PC" failures="0" tests="5" name="Test" time="28.491" errors="0" timestamp="09 Mar 2024 06:57:33 GMT">
  <testcase classname="com.xyzbank.qa.testcases.BankManagerTest" name="managertest" time="4.028"/>
  <testcase classname="com.xyzbank.qa.testcases.CustomerLoginInfoTest" name="testCustomerLoginFlow" time="2.253"/>
  <testcase classname="com.xyzbank.qa.testcases.CustomerLoginTest" name="testCustomerLoginFlow" time="6.027"/>
  <testcase classname="com.xyzbank.qa.testcases.HomepageNavigationTest" name="Homepagefun" time="1.025"/>
  <testcase classname="com.xyzbank.qa.testcases.BankManagerTest" name="existingtest" time="2.237"/>
</testsuite> <!-- Test -->
