<?xml version="1.0" encoding="UTF-8"?>
<!-- Generated by org.testng.reporters.JUnitXMLReporter -->
<testsuite ignored="0" hostname="Sanket-PC" failures="0" tests="3" name="Chrome Tests" time="22.031" errors="0" timestamp="07 Mar 2024 09:55:25 GMT">
  <testcase classname="com.xyzbank.qa.testcases.BankManagerTest" name="managertest" time="3.933"/>
  <testcase classname="com.xyzbank.qa.testcases.CustomerLoginTest" name="testCustomerLoginFlow" time="4.913"/>
  <testcase classname="com.xyzbank.qa.testcases.BankManagerTest" name="existingtest" time="2.719"/>
</testsuite> <!-- Chrome Tests -->
