<?xml version="1.0" encoding="UTF-8"?>
<!-- Generated by org.testng.reporters.JUnitXMLReporter -->
<testsuite ignored="0" hostname="Sanket-PC" failures="0" tests="2" name="Free CRM App Test Cases" time="12.059" errors="0" timestamp="07 Mar 2024 06:26:28 GMT">
  <testcase classname="com.xyzbank.qa.testcases.BankManagerTest" name="managertest" time="4.095"/>
  <testcase classname="com.xyzbank.qa.testcases.BankManagerTest" name="existingtest" time="2.261"/>
</testsuite> <!-- Free CRM App Test Cases -->
