<?xml version="1.0" encoding="UTF-8"?>
<testng-results ignored="0" total="1" passed="1" failed="0" skipped="0">
  <reporter-output>
  </reporter-output>
  <suite started-at="2024-03-07T10:06:34Z" name="Default suite" finished-at="2024-03-07T10:06:43Z" duration-ms="9075">
    <groups>
    </groups>
    <test started-at="2024-03-07T10:06:34Z" name="Default test" finished-at="2024-03-07T10:06:43Z" duration-ms="9075">
      <class name="com.xyzbank.qa.testcases.CustomerLoginTest">
        <test-method is-config="true" signature="setUp()[pri:0, instance:com.xyzbank.qa.testcases.CustomerLoginTest@b4711e2]" started-at="2024-03-07T15:36:34Z" name="setUp" finished-at="2024-03-07T15:36:38Z" duration-ms="3444" status="PASS">
          <reporter-output>
          </reporter-output>
        </test-method> <!-- setUp -->
        <test-method signature="testCustomerLoginFlow()[pri:0, instance:com.xyzbank.qa.testcases.CustomerLoginTest@b4711e2]" started-at="2024-03-07T15:36:38Z" name="testCustomerLoginFlow" finished-at="2024-03-07T15:36:43Z" duration-ms="5615" status="PASS">
          <reporter-output>
          </reporter-output>
        </test-method> <!-- testCustomerLoginFlow -->
      </class> <!-- com.xyzbank.qa.testcases.CustomerLoginTest -->
    </test> <!-- Default test -->
  </suite> <!-- Default suite -->
</testng-results>
